<?xml version="1.0" encoding="UTF-8"?>
<!-- Generated by org.testng.reporters.JUnitReportReporter -->
<testsuite hostname="Ritesh_Raj" failures="0" tests="1" name="LoginTest" time="9.412" errors="0" timestamp="2025-08-07T16:18:29 IST" skipped="0">
  <testcase classname="LoginTest" name="testValidLogin" time="9.412"/>
  <system-out>
    <![CDATA[Selected product: 
Clicked Add to Cart for: 
Item in cart: Sauce Labs Backpack]]>
  </system-out>
</testsuite> <!-- LoginTest -->
