<?xml version="1.0" encoding="UTF-8"?>
<!-- Generated by org.testng.reporters.JUnitReportReporter -->
<testsuite hostname="Ritesh_Raj" failures="0" tests="1" name="RemoveFromCart" time="8.222" errors="0" timestamp="2025-08-13T22:50:42 IST" skipped="0">
  <testcase classname="RemoveFromCart" name="removeProductFromCart" time="8.222">
    <system-out>
      <![CDATA[Selected product: 
Selected product2: Sauce Labs Bike Light
Clicked Add to Cart for: 
Clicked Add to Cart for: Sauce Labs Bike Light
Clicked Remove: ]]>
    </system-out>
  </testcase> <!-- removeProductFromCart -->
  <system-out>
    <![CDATA[Selected product: 
Clicked Add to Cart for: 
Item in cart: Sauce Labs Backpack
Selected product: 
Selected product2: Sauce Labs Bike Light
Clicked Add to Cart for: 
Clicked Add to Cart for: Sauce Labs Bike Light
Clicked Remove: ]]>
  </system-out>
</testsuite> <!-- RemoveFromCart -->
